24-Apr-2025 11:55:59.324 INFO [main] org.apache.catalina.core.ApplicationContext.log ContextListener: contextInitialized()
24-Apr-2025 11:55:59.324 INFO [main] org.apache.catalina.core.ApplicationContext.log SessionListener: contextInitialized()
24-Apr-2025 11:55:59.325 INFO [main] org.apache.catalina.core.ApplicationContext.log ContextListener: attributeAdded('StockTicker', 'async.Stockticker@4a067c25')
24-Apr-2025 11:57:12.288 INFO [main] org.apache.catalina.core.ApplicationContext.log ContextListener: contextInitialized()
24-Apr-2025 11:57:12.288 INFO [main] org.apache.catalina.core.ApplicationContext.log SessionListener: contextInitialized()
24-Apr-2025 11:57:12.289 INFO [main] org.apache.catalina.core.ApplicationContext.log ContextListener: attributeAdded('StockTicker', 'async.Stockticker@7cbee484')
24-Apr-2025 11:57:12.316 INFO [main] org.apache.catalina.core.ApplicationContext.log SessionListener: contextDestroyed()
24-Apr-2025 11:57:12.316 INFO [main] org.apache.catalina.core.ApplicationContext.log ContextListener: contextDestroyed()
24-Apr-2025 11:58:20.482 INFO [Catalina-utility-2] org.apache.catalina.core.ApplicationContext.log SessionListener: contextDestroyed()
24-Apr-2025 11:58:20.482 INFO [Catalina-utility-2] org.apache.catalina.core.ApplicationContext.log ContextListener: contextDestroyed()
24-Apr-2025 11:59:19.116 INFO [main] org.apache.catalina.core.ApplicationContext.log ContextListener: contextInitialized()
24-Apr-2025 11:59:19.116 INFO [main] org.apache.catalina.core.ApplicationContext.log SessionListener: contextInitialized()
24-Apr-2025 11:59:19.117 INFO [main] org.apache.catalina.core.ApplicationContext.log ContextListener: attributeAdded('StockTicker', 'async.Stockticker@4089713')
24-Apr-2025 11:59:19.146 INFO [main] org.apache.catalina.core.ApplicationContext.log SessionListener: contextDestroyed()
24-Apr-2025 11:59:19.146 INFO [main] org.apache.catalina.core.ApplicationContext.log ContextListener: contextDestroyed()
24-Apr-2025 12:03:22.013 INFO [main] org.apache.catalina.core.ApplicationContext.log ContextListener: contextInitialized()
24-Apr-2025 12:03:22.013 INFO [main] org.apache.catalina.core.ApplicationContext.log SessionListener: contextInitialized()
24-Apr-2025 12:03:22.014 INFO [main] org.apache.catalina.core.ApplicationContext.log ContextListener: attributeAdded('StockTicker', 'async.Stockticker@7e70bd39')
24-Apr-2025 12:36:49.347 SEVERE [http-nio-8080-exec-8] org.apache.catalina.core.StandardWrapperValve.invoke Servlet.service() for servlet [jsp] in context with path [/myapp1] threw exception [Unable to compile class for JSP: 

An error occurred at line: [8] in the jsp file: [/index.jsp]
Syntax error, insert ";" to complete Statement
5:     <p>Current time: <%= new java.util.Date() %></p>
6:     <% 
7:         String name = "Ahmad";
8:         out.println("Hello, " +name+ "!")
9:     %>
10: </body>
11: </html>


Stacktrace:] with root cause
	org.apache.jasper.JasperException: Unable to compile class for JSP: 

An error occurred at line: [8] in the jsp file: [/index.jsp]
Syntax error, insert ";" to complete Statement
5:     <p>Current time: <%= new java.util.Date() %></p>
6:     <% 
7:         String name = "Ahmad";
8:         out.println("Hello, " +name+ "!")
9:     %>
10: </body>
11: </html>


Stacktrace:
		at org.apache.jasper.compiler.DefaultErrorHandler.javacError(DefaultErrorHandler.java:72)
		at org.apache.jasper.compiler.ErrorDispatcher.javacError(ErrorDispatcher.java:192)
		at org.apache.jasper.compiler.JDTCompiler.generateClass(JDTCompiler.java:547)
		at org.apache.jasper.compiler.Compiler.compile(Compiler.java:374)
		at org.apache.jasper.compiler.Compiler.compile(Compiler.java:346)
		at org.apache.jasper.compiler.Compiler.compile(Compiler.java:332)
		at org.apache.jasper.JspCompilationContext.compile(JspCompilationContext.java:592)
		at org.apache.jasper.servlet.JspServletWrapper.service(JspServletWrapper.java:376)
		at org.apache.jasper.servlet.JspServlet.serviceJspFile(JspServlet.java:357)
		at org.apache.jasper.servlet.JspServlet.service(JspServlet.java:308)
		at jakarta.servlet.http.HttpServlet.service(HttpServlet.java:658)
		at org.apache.catalina.core.ApplicationFilterChain.internalDoFilter(ApplicationFilterChain.java:195)
		at org.apache.catalina.core.ApplicationFilterChain.doFilter(ApplicationFilterChain.java:140)
		at org.apache.tomcat.websocket.server.WsFilter.doFilter(WsFilter.java:51)
		at org.apache.catalina.core.ApplicationFilterChain.internalDoFilter(ApplicationFilterChain.java:164)
		at org.apache.catalina.core.ApplicationFilterChain.doFilter(ApplicationFilterChain.java:140)
		at org.apache.catalina.core.StandardWrapperValve.invoke(StandardWrapperValve.java:167)
		at org.apache.catalina.core.StandardContextValve.invoke(StandardContextValve.java:90)
		at org.apache.catalina.authenticator.AuthenticatorBase.invoke(AuthenticatorBase.java:483)
		at org.apache.catalina.core.StandardHostValve.invoke(StandardHostValve.java:116)
		at org.apache.catalina.valves.ErrorReportValve.invoke(ErrorReportValve.java:93)
		at org.apache.catalina.valves.AbstractAccessLogValve.invoke(AbstractAccessLogValve.java:666)
		at org.apache.catalina.core.StandardEngineValve.invoke(StandardEngineValve.java:74)
		at org.apache.catalina.connector.CoyoteAdapter.service(CoyoteAdapter.java:344)
		at org.apache.coyote.http11.Http11Processor.service(Http11Processor.java:398)
		at org.apache.coyote.AbstractProcessorLight.process(AbstractProcessorLight.java:63)
		at org.apache.coyote.AbstractProtocol$ConnectionHandler.process(AbstractProtocol.java:903)
		at org.apache.tomcat.util.net.NioEndpoint$SocketProcessor.doRun(NioEndpoint.java:1740)
		at org.apache.tomcat.util.net.SocketProcessorBase.run(SocketProcessorBase.java:52)
		at org.apache.tomcat.util.threads.ThreadPoolExecutor.runWorker(ThreadPoolExecutor.java:1189)
		at org.apache.tomcat.util.threads.ThreadPoolExecutor$Worker.run(ThreadPoolExecutor.java:658)
		at org.apache.tomcat.util.threads.TaskThread$WrappingRunnable.run(TaskThread.java:63)
		at java.base/java.lang.Thread.run(Thread.java:1570)
